<?xml version="1.0" encoding="UTF-8"?>
<testsuite xmlns:xsi="http://www.w3.org/2001/XMLSchema-instance" xsi:noNamespaceSchemaLocation="https://maven.apache.org/surefire/maven-surefire-plugin/xsd/surefire-test-report-3.0.xsd" version="3.0" name="b25.spartan.admin.SpartanAdminGetTest" time="3.241" tests="1" errors="0" skipped="0" failures="0">
  <properties>
    <property name="sun.desktop" value="windows"/>
    <property name="awt.toolkit" value="sun.awt.windows.WToolkit"/>
    <property name="java.specification.version" value="11"/>
    <property name="sun.cpu.isalist" value="amd64"/>
    <property name="sun.jnu.encoding" value="Cp1252"/>
    <property name="java.class.path" value="C:\Users\oztur\OneDrive\Desktop\IdeaProjects\B25SerenityProject-Kerem\target\test-classes;C:\Users\oztur\OneDrive\Desktop\IdeaProjects\B25SerenityProject-Kerem\target\classes;C:\Users\oztur\.m2\repository\net\serenity-bdd\serenity-core\2.4.4\serenity-core-2.4.4.jar;C:\Users\oztur\.m2\repository\net\serenity-bdd\serenity-model\2.4.4\serenity-model-2.4.4.jar;C:\Users\oztur\.m2\repository\org\apache\commons\commons-text\1.9\commons-text-1.9.jar;C:\Users\oztur\.m2\repository\commons-net\commons-net\3.6\commons-net-3.6.jar;C:\Users\oztur\.m2\repository\com\google\guava\guava\30.1-jre\guava-30.1-jre.jar;C:\Users\oztur\.m2\repository\com\google\guava\failureaccess\1.0.1\failureaccess-1.0.1.jar;C:\Users\oztur\.m2\repository\com\google\guava\listenablefuture\9999.0-empty-to-avoid-conflict-with-guava\listenablefuture-9999.0-empty-to-avoid-conflict-with-guava.jar;C:\Users\oztur\.m2\repository\com\google\code\findbugs\jsr305\3.0.2\jsr305-3.0.2.jar;C:\Users\oztur\.m2\repository\org\checkerframework\checker-qual\3.5.0\checker-qual-3.5.0.jar;C:\Users\oztur\.m2\repository\com\google\errorprone\error_prone_annotations\2.3.4\error_prone_annotations-2.3.4.jar;C:\Users\oztur\.m2\repository\com\google\j2objc\j2objc-annotations\1.3\j2objc-annotations-1.3.jar;C:\Users\oztur\.m2\repository\org\slf4j\slf4j-api\1.7.30\slf4j-api-1.7.30.jar;C:\Users\oztur\.m2\repository\com\google\inject\guice\5.0.1\guice-5.0.1.jar;C:\Users\oztur\.m2\repository\javax\inject\javax.inject\1\javax.inject-1.jar;C:\Users\oztur\.m2\repository\aopalliance\aopalliance\1.0\aopalliance-1.0.jar;C:\Users\oztur\.m2\repository\org\jsoup\jsoup\1.13.1\jsoup-1.13.1.jar;C:\Users\oztur\.m2\repository\com\thoughtworks\xstream\xstream\1.4.13\xstream-1.4.13.jar;C:\Users\oztur\.m2\repository\xmlpull\xmlpull\1.1.3.1\xmlpull-1.1.3.1.jar;C:\Users\oztur\.m2\repository\xpp3\xpp3_min\1.1.4c\xpp3_min-1.1.4c.jar;C:\Users\oztur\.m2\repository\io\cucumber\cucumber-core\6.10.2\cucumber-core-6.10.2.jar;C:\Users\oztur\.m2\repository\io\cucumber\cucumber-gherkin\6.10.2\cucumber-gherkin-6.10.2.jar;C:\Users\oztur\.m2\repository\io\cucumber\cucumber-gherkin-messages\6.10.2\cucumber-gherkin-messages-6.10.2.jar;C:\Users\oztur\.m2\repository\io\cucumber\messages\14.0.1\messages-14.0.1.jar;C:\Users\oztur\.m2\repository\io\cucumber\tag-expressions\3.0.0\tag-expressions-3.0.0.jar;C:\Users\oztur\.m2\repository\io\cucumber\cucumber-expressions\10.3.0\cucumber-expressions-10.3.0.jar;C:\Users\oztur\.m2\repository\io\cucumber\datatable\3.5.0\datatable-3.5.0.jar;C:\Users\oztur\.m2\repository\io\cucumber\cucumber-plugin\6.10.2\cucumber-plugin-6.10.2.jar;C:\Users\oztur\.m2\repository\io\cucumber\docstring\6.10.2\docstring-6.10.2.jar;C:\Users\oztur\.m2\repository\io\cucumber\html-formatter\12.0.0\html-formatter-12.0.0.jar;C:\Users\oztur\.m2\repository\io\cucumber\create-meta\3.0.0\create-meta-3.0.0.jar;C:\Users\oztur\.m2\repository\io\cucumber\cucumber-java\6.10.2\cucumber-java-6.10.2.jar;C:\Users\oztur\.m2\repository\com\typesafe\config\1.3.1\config-1.3.1.jar;C:\Users\oztur\.m2\repository\org\imgscalr\imgscalr-lib\4.2\imgscalr-lib-4.2.jar;C:\Users\oztur\.m2\repository\org\awaitility\awaitility\4.0.3\awaitility-4.0.3.jar;C:\Users\oztur\.m2\repository\org\freemarker\freemarker\2.3.29\freemarker-2.3.29.jar;C:\Users\oztur\.m2\repository\net\sourceforge\jexcelapi\jxl\2.6.12\jxl-2.6.12.jar;C:\Users\oztur\.m2\repository\org\asciidoctor\asciidoctorj\1.5.6\asciidoctorj-1.5.6.jar;C:\Users\oztur\.m2\repository\org\jruby\jruby-complete\1.7.26\jruby-complete-1.7.26.jar;C:\Users\oztur\.m2\repository\net\bytebuddy\byte-buddy\1.10.10\byte-buddy-1.10.10.jar;C:\Users\oztur\.m2\repository\net\bytebuddy\byte-buddy-agent\1.10.10\byte-buddy-agent-1.10.10.jar;C:\Users\oztur\.m2\repository\org\objenesis\objenesis\3.1\objenesis-3.1.jar;C:\Users\oztur\.m2\repository\net\serenity-bdd\serenity-reports\2.4.4\serenity-reports-2.4.4.jar;C:\Users\oztur\.m2\repository\net\serenity-bdd\serenity-stats\2.4.4\serenity-stats-2.4.4.jar;C:\Users\oztur\.m2\repository\org\jetbrains\kotlin\kotlin-stdlib\1.4.10\kotlin-stdlib-1.4.10.jar;C:\Users\oztur\.m2\repository\org\jetbrains\kotlin\kotlin-stdlib-common\1.4.10\kotlin-stdlib-common-1.4.10.jar;C:\Users\oztur\.m2\repository\org\jetbrains\annotations\13.0\annotations-13.0.jar;C:\Users\oztur\.m2\repository\net\serenity-bdd\serenity-reports-configuration\2.4.4\serenity-reports-configuration-2.4.4.jar;C:\Users\oztur\.m2\repository\com\vladsch\flexmark\flexmark-all\0.34.30\flexmark-all-0.34.30.jar;C:\Users\oztur\.m2\repository\com\vladsch\flexmark\flexmark\0.34.30\flexmark-0.34.30.jar;C:\Users\oztur\.m2\repository\com\vladsch\flexmark\flexmark-ext-abbreviation\0.34.30\flexmark-ext-abbreviation-0.34.30.jar;C:\Users\oztur\.m2\repository\com\vladsch\flexmark\flexmark-ext-admonition\0.34.30\flexmark-ext-admonition-0.34.30.jar;C:\Users\oztur\.m2\repository\com\vladsch\flexmark\flexmark-ext-anchorlink\0.34.30\flexmark-ext-anchorlink-0.34.30.jar;C:\Users\oztur\.m2\repository\com\vladsch\flexmark\flexmark-ext-aside\0.34.30\flexmark-ext-aside-0.34.30.jar;C:\Users\oztur\.m2\repository\com\vladsch\flexmark\flexmark-ext-attributes\0.34.30\flexmark-ext-attributes-0.34.30.jar;C:\Users\oztur\.m2\repository\com\vladsch\flexmark\flexmark-ext-autolink\0.34.30\flexmark-ext-autolink-0.34.30.jar;C:\Users\oztur\.m2\repository\org\nibor\autolink\autolink\0.6.0\autolink-0.6.0.jar;C:\Users\oztur\.m2\repository\com\vladsch\flexmark\flexmark-ext-definition\0.34.30\flexmark-ext-definition-0.34.30.jar;C:\Users\oztur\.m2\repository\com\vladsch\flexmark\flexmark-ext-emoji\0.34.30\flexmark-ext-emoji-0.34.30.jar;C:\Users\oztur\.m2\repository\com\vladsch\flexmark\flexmark-ext-enumerated-reference\0.34.30\flexmark-ext-enumerated-reference-0.34.30.jar;C:\Users\oztur\.m2\repository\com\vladsch\flexmark\flexmark-ext-escaped-character\0.34.30\flexmark-ext-escaped-character-0.34.30.jar;C:\Users\oztur\.m2\repository\com\vladsch\flexmark\flexmark-ext-footnotes\0.34.30\flexmark-ext-footnotes-0.34.30.jar;C:\Users\oztur\.m2\repository\com\vladsch\flexmark\flexmark-ext-gfm-issues\0.34.30\flexmark-ext-gfm-issues-0.34.30.jar;C:\Users\oztur\.m2\repository\com\vladsch\flexmark\flexmark-ext-gfm-strikethrough\0.34.30\flexmark-ext-gfm-strikethrough-0.34.30.jar;C:\Users\oztur\.m2\repository\com\vladsch\flexmark\flexmark-ext-gfm-tables\0.34.30\flexmark-ext-gfm-tables-0.34.30.jar;C:\Users\oztur\.m2\repository\com\vladsch\flexmark\flexmark-ext-gfm-tasklist\0.34.30\flexmark-ext-gfm-tasklist-0.34.30.jar;C:\Users\oztur\.m2\repository\com\vladsch\flexmark\flexmark-ext-gfm-users\0.34.30\flexmark-ext-gfm-users-0.34.30.jar;C:\Users\oztur\.m2\repository\com\vladsch\flexmark\flexmark-ext-gitlab\0.34.30\flexmark-ext-gitlab-0.34.30.jar;C:\Users\oztur\.m2\repository\com\vladsch\flexmark\flexmark-ext-jekyll-front-matter\0.34.30\flexmark-ext-jekyll-front-matter-0.34.30.jar;C:\Users\oztur\.m2\repository\com\vladsch\flexmark\flexmark-ext-jekyll-tag\0.34.30\flexmark-ext-jekyll-tag-0.34.30.jar;C:\Users\oztur\.m2\repository\com\vladsch\flexmark\flexmark-ext-media-tags\0.34.30\flexmark-ext-media-tags-0.34.30.jar;C:\Users\oztur\.m2\repository\com\vladsch\flexmark\flexmark-test-util\0.34.30\flexmark-test-util-0.34.30.jar;C:\Users\oztur\.m2\repository\com\vladsch\flexmark\flexmark-ext-ins\0.34.30\flexmark-ext-ins-0.34.30.jar;C:\Users\oztur\.m2\repository\com\vladsch\flexmark\flexmark-ext-xwiki-macros\0.34.30\flexmark-ext-xwiki-macros-0.34.30.jar;C:\Users\oztur\.m2\repository\com\vladsch\flexmark\flexmark-ext-superscript\0.34.30\flexmark-ext-superscript-0.34.30.jar;C:\Users\oztur\.m2\repository\com\vladsch\flexmark\flexmark-ext-tables\0.34.30\flexmark-ext-tables-0.34.30.jar;C:\Users\oztur\.m2\repository\com\vladsch\flexmark\flexmark-ext-toc\0.34.30\flexmark-ext-toc-0.34.30.jar;C:\Users\oztur\.m2\repository\com\vladsch\flexmark\flexmark-ext-typographic\0.34.30\flexmark-ext-typographic-0.34.30.jar;C:\Users\oztur\.m2\repository\com\vladsch\flexmark\flexmark-ext-wikilink\0.34.30\flexmark-ext-wikilink-0.34.30.jar;C:\Users\oztur\.m2\repository\com\vladsch\flexmark\flexmark-ext-yaml-front-matter\0.34.30\flexmark-ext-yaml-front-matter-0.34.30.jar;C:\Users\oztur\.m2\repository\com\vladsch\flexmark\flexmark-ext-youtube-embedded\0.34.30\flexmark-ext-youtube-embedded-0.34.30.jar;C:\Users\oztur\.m2\repository\com\vladsch\flexmark\flexmark-formatter\0.34.30\flexmark-formatter-0.34.30.jar;C:\Users\oztur\.m2\repository\com\vladsch\flexmark\flexmark-html-parser\0.34.30\flexmark-html-parser-0.34.30.jar;C:\Users\oztur\.m2\repository\com\vladsch\flexmark\flexmark-jira-converter\0.34.30\flexmark-jira-converter-0.34.30.jar;C:\Users\oztur\.m2\repository\com\vladsch\flexmark\flexmark-pdf-converter\0.34.30\flexmark-pdf-converter-0.34.30.jar;C:\Users\oztur\.m2\repository\com\openhtmltopdf\openhtmltopdf-core\0.0.1-RC13\openhtmltopdf-core-0.0.1-RC13.jar;C:\Users\oztur\.m2\repository\com\openhtmltopdf\openhtmltopdf-pdfbox\0.0.1-RC13\openhtmltopdf-pdfbox-0.0.1-RC13.jar;C:\Users\oztur\.m2\repository\org\apache\pdfbox\pdfbox\2.0.8\pdfbox-2.0.8.jar;C:\Users\oztur\.m2\repository\org\apache\pdfbox\fontbox\2.0.8\fontbox-2.0.8.jar;C:\Users\oztur\.m2\repository\org\apache\pdfbox\xmpbox\2.0.8\xmpbox-2.0.8.jar;C:\Users\oztur\.m2\repository\de\rototor\pdfbox\graphics2d\0.12\graphics2d-0.12.jar;C:\Users\oztur\.m2\repository\com\openhtmltopdf\openhtmltopdf-rtl-support\0.0.1-RC13\openhtmltopdf-rtl-support-0.0.1-RC13.jar;C:\Users\oztur\.m2\repository\com\ibm\icu\icu4j\59.1\icu4j-59.1.jar;C:\Users\oztur\.m2\repository\com\openhtmltopdf\openhtmltopdf-jsoup-dom-converter\0.0.1-RC13\openhtmltopdf-jsoup-dom-converter-0.0.1-RC13.jar;C:\Users\oztur\.m2\repository\com\vladsch\flexmark\flexmark-profile-pegdown\0.34.30\flexmark-profile-pegdown-0.34.30.jar;C:\Users\oztur\.m2\repository\com\vladsch\flexmark\flexmark-util\0.34.30\flexmark-util-0.34.30.jar;C:\Users\oztur\.m2\repository\com\vladsch\flexmark\flexmark-youtrack-converter\0.34.30\flexmark-youtrack-converter-0.34.30.jar;C:\Users\oztur\.m2\repository\es\nitaur\markdown\txtmark\0.16\txtmark-0.16.jar;C:\Users\oztur\.m2\repository\net\serenity-bdd\serenity-report-resources\2.4.4\serenity-report-resources-2.4.4.jar;C:\Users\oztur\.m2\repository\com\google\code\gson\gson\2.8.6\gson-2.8.6.jar;C:\Users\oztur\.m2\repository\commons-codec\commons-codec\1.15\commons-codec-1.15.jar;C:\Users\oztur\.m2\repository\commons-io\commons-io\2.6\commons-io-2.6.jar;C:\Users\oztur\.m2\repository\org\seleniumhq\selenium\selenium-server\3.141.59\selenium-server-3.141.59.jar;C:\Users\oztur\.m2\repository\org\seleniumhq\selenium\selenium-opera-driver\3.141.59\selenium-opera-driver-3.141.59.jar;C:\Users\oztur\.m2\repository\org\seleniumhq\selenium\selenium-remote-driver\3.141.59\selenium-remote-driver-3.141.59.jar;C:\Users\oztur\.m2\repository\org\seleniumhq\selenium\selenium-safari-driver\3.141.59\selenium-safari-driver-3.141.59.jar;C:\Users\oztur\.m2\repository\com\beust\jcommander\1.72\jcommander-1.72.jar;C:\Users\oztur\.m2\repository\org\apache\commons\commons-exec\1.3\commons-exec-1.3.jar;C:\Users\oztur\.m2\repository\net\jcip\jcip-annotations\1.0\jcip-annotations-1.0.jar;C:\Users\oztur\.m2\repository\org\seleniumhq\selenium\jetty-repacked\9.4.12.v20180830\jetty-repacked-9.4.12.v20180830.jar;C:\Users\oztur\.m2\repository\com\squareup\okhttp3\okhttp\3.11.0\okhttp-3.11.0.jar;C:\Users\oztur\.m2\repository\com\squareup\okio\okio\1.14.0\okio-1.14.0.jar;C:\Users\oztur\.m2\repository\javax\servlet\javax.servlet-api\3.1.0\javax.servlet-api-3.1.0.jar;C:\Users\oztur\.m2\repository\org\yaml\snakeyaml\1.19\snakeyaml-1.19.jar;C:\Users\oztur\.m2\repository\org\seleniumhq\selenium\selenium-java\3.141.59\selenium-java-3.141.59.jar;C:\Users\oztur\.m2\repository\org\seleniumhq\selenium\selenium-api\3.141.59\selenium-api-3.141.59.jar;C:\Users\oztur\.m2\repository\org\seleniumhq\selenium\selenium-support\3.141.59\selenium-support-3.141.59.jar;C:\Users\oztur\.m2\repository\org\seleniumhq\selenium\selenium-chrome-driver\3.141.59\selenium-chrome-driver-3.141.59.jar;C:\Users\oztur\.m2\repository\org\seleniumhq\selenium\selenium-firefox-driver\3.141.59\selenium-firefox-driver-3.141.59.jar;C:\Users\oztur\.m2\repository\org\seleniumhq\selenium\selenium-edge-driver\3.141.59\selenium-edge-driver-3.141.59.jar;C:\Users\oztur\.m2\repository\org\seleniumhq\selenium\selenium-ie-driver\3.141.59\selenium-ie-driver-3.141.59.jar;C:\Users\oztur\.m2\repository\net\sourceforge\htmlunit\htmlunit\2.47.1\htmlunit-2.47.1.jar;C:\Users\oztur\.m2\repository\xalan\xalan\2.7.2\xalan-2.7.2.jar;C:\Users\oztur\.m2\repository\xalan\serializer\2.7.2\serializer-2.7.2.jar;C:\Users\oztur\.m2\repository\org\apache\httpcomponents\httpmime\4.5.13\httpmime-4.5.13.jar;C:\Users\oztur\.m2\repository\org\apache\httpcomponents\httpclient\4.5.13\httpclient-4.5.13.jar;C:\Users\oztur\.m2\repository\org\apache\httpcomponents\httpcore\4.4.13\httpcore-4.4.13.jar;C:\Users\oztur\.m2\repository\net\sourceforge\htmlunit\htmlunit-core-js\2.47.0\htmlunit-core-js-2.47.0.jar;C:\Users\oztur\.m2\repository\net\sourceforge\htmlunit\neko-htmlunit\2.47.1\neko-htmlunit-2.47.1.jar;C:\Users\oztur\.m2\repository\xerces\xercesImpl\2.12.0\xercesImpl-2.12.0.jar;C:\Users\oztur\.m2\repository\xml-apis\xml-apis\1.4.01\xml-apis-1.4.01.jar;C:\Users\oztur\.m2\repository\net\sourceforge\htmlunit\htmlunit-cssparser\1.7.0\htmlunit-cssparser-1.7.0.jar;C:\Users\oztur\.m2\repository\commons-logging\commons-logging\1.2\commons-logging-1.2.jar;C:\Users\oztur\.m2\repository\org\brotli\dec\0.1.2\dec-0.1.2.jar;C:\Users\oztur\.m2\repository\com\shapesecurity\salvation2\3.0.0\salvation2-3.0.0.jar;C:\Users\oztur\.m2\repository\org\eclipse\jetty\websocket\websocket-client\9.4.36.v20210114\websocket-client-9.4.36.v20210114.jar;C:\Users\oztur\.m2\repository\org\eclipse\jetty\jetty-client\9.4.36.v20210114\jetty-client-9.4.36.v20210114.jar;C:\Users\oztur\.m2\repository\org\eclipse\jetty\jetty-http\9.4.36.v20210114\jetty-http-9.4.36.v20210114.jar;C:\Users\oztur\.m2\repository\org\eclipse\jetty\jetty-util\9.4.36.v20210114\jetty-util-9.4.36.v20210114.jar;C:\Users\oztur\.m2\repository\org\eclipse\jetty\jetty-io\9.4.36.v20210114\jetty-io-9.4.36.v20210114.jar;C:\Users\oztur\.m2\repository\org\eclipse\jetty\websocket\websocket-common\9.4.36.v20210114\websocket-common-9.4.36.v20210114.jar;C:\Users\oztur\.m2\repository\org\eclipse\jetty\websocket\websocket-api\9.4.36.v20210114\websocket-api-9.4.36.v20210114.jar;C:\Users\oztur\.m2\repository\org\seleniumhq\selenium\htmlunit-driver\2.47.1\htmlunit-driver-2.47.1.jar;C:\Users\oztur\.m2\repository\com\codeborne\phantomjsdriver\1.4.4\phantomjsdriver-1.4.4.jar;C:\Users\oztur\.m2\repository\io\appium\java-client\7.3.0\java-client-7.3.0.jar;C:\Users\oztur\.m2\repository\commons-validator\commons-validator\1.6\commons-validator-1.6.jar;C:\Users\oztur\.m2\repository\commons-digester\commons-digester\1.8.1\commons-digester-1.8.1.jar;C:\Users\oztur\.m2\repository\org\aspectj\aspectjweaver\1.9.4\aspectjweaver-1.9.4.jar;C:\Users\oztur\.m2\repository\org\codehaus\groovy\groovy\3.0.7\groovy-3.0.7.jar;C:\Users\oztur\.m2\repository\net\sf\opencsv\opencsv\2.0\opencsv-2.0.jar;C:\Users\oztur\.m2\repository\commons-beanutils\commons-beanutils\1.9.4\commons-beanutils-1.9.4.jar;C:\Users\oztur\.m2\repository\org\apache\commons\commons-lang3\3.11\commons-lang3-3.11.jar;C:\Users\oztur\.m2\repository\commons-collections\commons-collections\3.2.2\commons-collections-3.2.2.jar;C:\Users\oztur\.m2\repository\org\fluentlenium\fluentlenium-core\0.10.2\fluentlenium-core-0.10.2.jar;C:\Users\oztur\.m2\repository\io\github\bonigarcia\webdrivermanager\4.3.1\webdrivermanager-4.3.1.jar;C:\Users\oztur\.m2\repository\org\apache\httpcomponents\client5\httpclient5\5.0.3\httpclient5-5.0.3.jar;C:\Users\oztur\.m2\repository\org\apache\httpcomponents\core5\httpcore5\5.0.2\httpcore5-5.0.2.jar;C:\Users\oztur\.m2\repository\org\apache\httpcomponents\core5\httpcore5-h2\5.0.2\httpcore5-h2-5.0.2.jar;C:\Users\oztur\.m2\repository\org\rauschig\jarchivelib\1.1.0\jarchivelib-1.1.0.jar;C:\Users\oztur\.m2\repository\org\apache\commons\commons-compress\1.20\commons-compress-1.20.jar;C:\Users\oztur\.m2\repository\com\jhlabs\filters\2.0.235\filters-2.0.235.jar;C:\Users\oztur\.m2\repository\com\assertthat\selenium-shutterbug\0.9.3\selenium-shutterbug-0.9.3.jar;C:\Users\oztur\.m2\repository\org\projectlombok\lombok\1.18.8\lombok-1.18.8.jar;C:\Users\oztur\.m2\repository\com\github\zafarkhaja\java-semver\0.9.0\java-semver-0.9.0.jar;C:\Users\oztur\.m2\repository\com\paulhammant\ngwebdriver\1.1.5\ngwebdriver-1.1.5.jar;C:\Users\oztur\.m2\repository\joda-time\joda-time\2.8.2\joda-time-2.8.2.jar;C:\Users\oztur\.m2\repository\org\hamcrest\hamcrest\2.2\hamcrest-2.2.jar;C:\Users\oztur\.m2\repository\com\google\jimfs\jimfs\1.1\jimfs-1.1.jar;C:\Users\oztur\.m2\repository\org\mockito\mockito-core\3.3.3\mockito-core-3.3.3.jar;C:\Users\oztur\.m2\repository\org\assertj\assertj-core\3.18.0\assertj-core-3.18.0.jar;C:\Users\oztur\.m2\repository\javax\xml\bind\jaxb-api\2.3.1\jaxb-api-2.3.1.jar;C:\Users\oztur\.m2\repository\javax\activation\javax.activation-api\1.2.0\javax.activation-api-1.2.0.jar;C:\Users\oztur\.m2\repository\com\sun\xml\bind\jaxb-core\2.3.0.1\jaxb-core-2.3.0.1.jar;C:\Users\oztur\.m2\repository\com\sun\xml\bind\jaxb-impl\2.3.3\jaxb-impl-2.3.3.jar;C:\Users\oztur\.m2\repository\jakarta\xml\bind\jakarta.xml.bind-api\2.3.3\jakarta.xml.bind-api-2.3.3.jar;C:\Users\oztur\.m2\repository\com\sun\activation\jakarta.activation\1.2.2\jakarta.activation-1.2.2.jar;C:\Users\oztur\.m2\repository\javax\activation\activation\1.1.1\activation-1.1.1.jar;C:\Users\oztur\.m2\repository\net\serenity-bdd\serenity-rest-assured\2.4.4\serenity-rest-assured-2.4.4.jar;C:\Users\oztur\.m2\repository\io\rest-assured\rest-assured\4.3.3\rest-assured-4.3.3.jar;C:\Users\oztur\.m2\repository\org\ccil\cowan\tagsoup\tagsoup\1.2.1\tagsoup-1.2.1.jar;C:\Users\oztur\.m2\repository\io\rest-assured\json-path\4.3.3\json-path-4.3.3.jar;C:\Users\oztur\.m2\repository\io\rest-assured\rest-assured-common\4.3.3\rest-assured-common-4.3.3.jar;C:\Users\oztur\.m2\repository\io\rest-assured\xml-path\4.3.3\xml-path-4.3.3.jar;C:\Users\oztur\.m2\repository\org\codehaus\groovy\groovy-json\3.0.7\groovy-json-3.0.7.jar;C:\Users\oztur\.m2\repository\org\codehaus\groovy\groovy-xml\3.0.7\groovy-xml-3.0.7.jar;C:\Users\oztur\.m2\repository\org\opentest4j\opentest4j\1.2.0\opentest4j-1.2.0.jar;C:\Users\oztur\.m2\repository\org\junit\jupiter\junit-jupiter\5.7.1\junit-jupiter-5.7.1.jar;C:\Users\oztur\.m2\repository\org\junit\jupiter\junit-jupiter-api\5.7.1\junit-jupiter-api-5.7.1.jar;C:\Users\oztur\.m2\repository\org\apiguardian\apiguardian-api\1.1.0\apiguardian-api-1.1.0.jar;C:\Users\oztur\.m2\repository\org\junit\platform\junit-platform-commons\1.7.1\junit-platform-commons-1.7.1.jar;C:\Users\oztur\.m2\repository\org\junit\jupiter\junit-jupiter-params\5.7.1\junit-jupiter-params-5.7.1.jar;C:\Users\oztur\.m2\repository\org\junit\jupiter\junit-jupiter-engine\5.7.1\junit-jupiter-engine-5.7.1.jar;C:\Users\oztur\.m2\repository\org\junit\platform\junit-platform-engine\1.7.1\junit-platform-engine-1.7.1.jar;C:\Users\oztur\.m2\repository\io\github\fabianlinz\serenity-junit5\1.6.0\serenity-junit5-1.6.0.jar;"/>
    <property name="java.vm.vendor" value="Oracle Corporation"/>
    <property name="sun.arch.data.model" value="64"/>
    <property name="user.variant" value=""/>
    <property name="java.vendor.url" value="https://openjdk.java.net/"/>
    <property name="user.timezone" value="America/New_York"/>
    <property name="java.vm.specification.version" value="11"/>
    <property name="os.name" value="Windows 10"/>
    <property name="sun.java.launcher" value="SUN_STANDARD"/>
    <property name="user.country" value="US"/>
    <property name="sun.boot.library.path" value="C:\Program Files\Java\jdk-11.0.12\bin"/>
    <property name="sun.java.command" value="C:\Users\oztur\AppData\Local\Temp\surefire13883812352094285528\surefirebooter17054253388179069161.jar C:\Users\oztur\AppData\Local\Temp\surefire13883812352094285528 2022-05-09T19-31-28_921-jvmRun1 surefire7577758784017338916tmp surefire_03155086662697764296tmp"/>
    <property name="jdk.debug" value="release"/>
    <property name="surefire.test.class.path" value="C:\Users\oztur\OneDrive\Desktop\IdeaProjects\B25SerenityProject-Kerem\target\test-classes;C:\Users\oztur\OneDrive\Desktop\IdeaProjects\B25SerenityProject-Kerem\target\classes;C:\Users\oztur\.m2\repository\net\serenity-bdd\serenity-core\2.4.4\serenity-core-2.4.4.jar;C:\Users\oztur\.m2\repository\net\serenity-bdd\serenity-model\2.4.4\serenity-model-2.4.4.jar;C:\Users\oztur\.m2\repository\org\apache\commons\commons-text\1.9\commons-text-1.9.jar;C:\Users\oztur\.m2\repository\commons-net\commons-net\3.6\commons-net-3.6.jar;C:\Users\oztur\.m2\repository\com\google\guava\guava\30.1-jre\guava-30.1-jre.jar;C:\Users\oztur\.m2\repository\com\google\guava\failureaccess\1.0.1\failureaccess-1.0.1.jar;C:\Users\oztur\.m2\repository\com\google\guava\listenablefuture\9999.0-empty-to-avoid-conflict-with-guava\listenablefuture-9999.0-empty-to-avoid-conflict-with-guava.jar;C:\Users\oztur\.m2\repository\com\google\code\findbugs\jsr305\3.0.2\jsr305-3.0.2.jar;C:\Users\oztur\.m2\repository\org\checkerframework\checker-qual\3.5.0\checker-qual-3.5.0.jar;C:\Users\oztur\.m2\repository\com\google\errorprone\error_prone_annotations\2.3.4\error_prone_annotations-2.3.4.jar;C:\Users\oztur\.m2\repository\com\google\j2objc\j2objc-annotations\1.3\j2objc-annotations-1.3.jar;C:\Users\oztur\.m2\repository\org\slf4j\slf4j-api\1.7.30\slf4j-api-1.7.30.jar;C:\Users\oztur\.m2\repository\com\google\inject\guice\5.0.1\guice-5.0.1.jar;C:\Users\oztur\.m2\repository\javax\inject\javax.inject\1\javax.inject-1.jar;C:\Users\oztur\.m2\repository\aopalliance\aopalliance\1.0\aopalliance-1.0.jar;C:\Users\oztur\.m2\repository\org\jsoup\jsoup\1.13.1\jsoup-1.13.1.jar;C:\Users\oztur\.m2\repository\com\thoughtworks\xstream\xstream\1.4.13\xstream-1.4.13.jar;C:\Users\oztur\.m2\repository\xmlpull\xmlpull\1.1.3.1\xmlpull-1.1.3.1.jar;C:\Users\oztur\.m2\repository\xpp3\xpp3_min\1.1.4c\xpp3_min-1.1.4c.jar;C:\Users\oztur\.m2\repository\io\cucumber\cucumber-core\6.10.2\cucumber-core-6.10.2.jar;C:\Users\oztur\.m2\repository\io\cucumber\cucumber-gherkin\6.10.2\cucumber-gherkin-6.10.2.jar;C:\Users\oztur\.m2\repository\io\cucumber\cucumber-gherkin-messages\6.10.2\cucumber-gherkin-messages-6.10.2.jar;C:\Users\oztur\.m2\repository\io\cucumber\messages\14.0.1\messages-14.0.1.jar;C:\Users\oztur\.m2\repository\io\cucumber\tag-expressions\3.0.0\tag-expressions-3.0.0.jar;C:\Users\oztur\.m2\repository\io\cucumber\cucumber-expressions\10.3.0\cucumber-expressions-10.3.0.jar;C:\Users\oztur\.m2\repository\io\cucumber\datatable\3.5.0\datatable-3.5.0.jar;C:\Users\oztur\.m2\repository\io\cucumber\cucumber-plugin\6.10.2\cucumber-plugin-6.10.2.jar;C:\Users\oztur\.m2\repository\io\cucumber\docstring\6.10.2\docstring-6.10.2.jar;C:\Users\oztur\.m2\repository\io\cucumber\html-formatter\12.0.0\html-formatter-12.0.0.jar;C:\Users\oztur\.m2\repository\io\cucumber\create-meta\3.0.0\create-meta-3.0.0.jar;C:\Users\oztur\.m2\repository\io\cucumber\cucumber-java\6.10.2\cucumber-java-6.10.2.jar;C:\Users\oztur\.m2\repository\com\typesafe\config\1.3.1\config-1.3.1.jar;C:\Users\oztur\.m2\repository\org\imgscalr\imgscalr-lib\4.2\imgscalr-lib-4.2.jar;C:\Users\oztur\.m2\repository\org\awaitility\awaitility\4.0.3\awaitility-4.0.3.jar;C:\Users\oztur\.m2\repository\org\freemarker\freemarker\2.3.29\freemarker-2.3.29.jar;C:\Users\oztur\.m2\repository\net\sourceforge\jexcelapi\jxl\2.6.12\jxl-2.6.12.jar;C:\Users\oztur\.m2\repository\org\asciidoctor\asciidoctorj\1.5.6\asciidoctorj-1.5.6.jar;C:\Users\oztur\.m2\repository\org\jruby\jruby-complete\1.7.26\jruby-complete-1.7.26.jar;C:\Users\oztur\.m2\repository\net\bytebuddy\byte-buddy\1.10.10\byte-buddy-1.10.10.jar;C:\Users\oztur\.m2\repository\net\bytebuddy\byte-buddy-agent\1.10.10\byte-buddy-agent-1.10.10.jar;C:\Users\oztur\.m2\repository\org\objenesis\objenesis\3.1\objenesis-3.1.jar;C:\Users\oztur\.m2\repository\net\serenity-bdd\serenity-reports\2.4.4\serenity-reports-2.4.4.jar;C:\Users\oztur\.m2\repository\net\serenity-bdd\serenity-stats\2.4.4\serenity-stats-2.4.4.jar;C:\Users\oztur\.m2\repository\org\jetbrains\kotlin\kotlin-stdlib\1.4.10\kotlin-stdlib-1.4.10.jar;C:\Users\oztur\.m2\repository\org\jetbrains\kotlin\kotlin-stdlib-common\1.4.10\kotlin-stdlib-common-1.4.10.jar;C:\Users\oztur\.m2\repository\org\jetbrains\annotations\13.0\annotations-13.0.jar;C:\Users\oztur\.m2\repository\net\serenity-bdd\serenity-reports-configuration\2.4.4\serenity-reports-configuration-2.4.4.jar;C:\Users\oztur\.m2\repository\com\vladsch\flexmark\flexmark-all\0.34.30\flexmark-all-0.34.30.jar;C:\Users\oztur\.m2\repository\com\vladsch\flexmark\flexmark\0.34.30\flexmark-0.34.30.jar;C:\Users\oztur\.m2\repository\com\vladsch\flexmark\flexmark-ext-abbreviation\0.34.30\flexmark-ext-abbreviation-0.34.30.jar;C:\Users\oztur\.m2\repository\com\vladsch\flexmark\flexmark-ext-admonition\0.34.30\flexmark-ext-admonition-0.34.30.jar;C:\Users\oztur\.m2\repository\com\vladsch\flexmark\flexmark-ext-anchorlink\0.34.30\flexmark-ext-anchorlink-0.34.30.jar;C:\Users\oztur\.m2\repository\com\vladsch\flexmark\flexmark-ext-aside\0.34.30\flexmark-ext-aside-0.34.30.jar;C:\Users\oztur\.m2\repository\com\vladsch\flexmark\flexmark-ext-attributes\0.34.30\flexmark-ext-attributes-0.34.30.jar;C:\Users\oztur\.m2\repository\com\vladsch\flexmark\flexmark-ext-autolink\0.34.30\flexmark-ext-autolink-0.34.30.jar;C:\Users\oztur\.m2\repository\org\nibor\autolink\autolink\0.6.0\autolink-0.6.0.jar;C:\Users\oztur\.m2\repository\com\vladsch\flexmark\flexmark-ext-definition\0.34.30\flexmark-ext-definition-0.34.30.jar;C:\Users\oztur\.m2\repository\com\vladsch\flexmark\flexmark-ext-emoji\0.34.30\flexmark-ext-emoji-0.34.30.jar;C:\Users\oztur\.m2\repository\com\vladsch\flexmark\flexmark-ext-enumerated-reference\0.34.30\flexmark-ext-enumerated-reference-0.34.30.jar;C:\Users\oztur\.m2\repository\com\vladsch\flexmark\flexmark-ext-escaped-character\0.34.30\flexmark-ext-escaped-character-0.34.30.jar;C:\Users\oztur\.m2\repository\com\vladsch\flexmark\flexmark-ext-footnotes\0.34.30\flexmark-ext-footnotes-0.34.30.jar;C:\Users\oztur\.m2\repository\com\vladsch\flexmark\flexmark-ext-gfm-issues\0.34.30\flexmark-ext-gfm-issues-0.34.30.jar;C:\Users\oztur\.m2\repository\com\vladsch\flexmark\flexmark-ext-gfm-strikethrough\0.34.30\flexmark-ext-gfm-strikethrough-0.34.30.jar;C:\Users\oztur\.m2\repository\com\vladsch\flexmark\flexmark-ext-gfm-tables\0.34.30\flexmark-ext-gfm-tables-0.34.30.jar;C:\Users\oztur\.m2\repository\com\vladsch\flexmark\flexmark-ext-gfm-tasklist\0.34.30\flexmark-ext-gfm-tasklist-0.34.30.jar;C:\Users\oztur\.m2\repository\com\vladsch\flexmark\flexmark-ext-gfm-users\0.34.30\flexmark-ext-gfm-users-0.34.30.jar;C:\Users\oztur\.m2\repository\com\vladsch\flexmark\flexmark-ext-gitlab\0.34.30\flexmark-ext-gitlab-0.34.30.jar;C:\Users\oztur\.m2\repository\com\vladsch\flexmark\flexmark-ext-jekyll-front-matter\0.34.30\flexmark-ext-jekyll-front-matter-0.34.30.jar;C:\Users\oztur\.m2\repository\com\vladsch\flexmark\flexmark-ext-jekyll-tag\0.34.30\flexmark-ext-jekyll-tag-0.34.30.jar;C:\Users\oztur\.m2\repository\com\vladsch\flexmark\flexmark-ext-media-tags\0.34.30\flexmark-ext-media-tags-0.34.30.jar;C:\Users\oztur\.m2\repository\com\vladsch\flexmark\flexmark-test-util\0.34.30\flexmark-test-util-0.34.30.jar;C:\Users\oztur\.m2\repository\com\vladsch\flexmark\flexmark-ext-ins\0.34.30\flexmark-ext-ins-0.34.30.jar;C:\Users\oztur\.m2\repository\com\vladsch\flexmark\flexmark-ext-xwiki-macros\0.34.30\flexmark-ext-xwiki-macros-0.34.30.jar;C:\Users\oztur\.m2\repository\com\vladsch\flexmark\flexmark-ext-superscript\0.34.30\flexmark-ext-superscript-0.34.30.jar;C:\Users\oztur\.m2\repository\com\vladsch\flexmark\flexmark-ext-tables\0.34.30\flexmark-ext-tables-0.34.30.jar;C:\Users\oztur\.m2\repository\com\vladsch\flexmark\flexmark-ext-toc\0.34.30\flexmark-ext-toc-0.34.30.jar;C:\Users\oztur\.m2\repository\com\vladsch\flexmark\flexmark-ext-typographic\0.34.30\flexmark-ext-typographic-0.34.30.jar;C:\Users\oztur\.m2\repository\com\vladsch\flexmark\flexmark-ext-wikilink\0.34.30\flexmark-ext-wikilink-0.34.30.jar;C:\Users\oztur\.m2\repository\com\vladsch\flexmark\flexmark-ext-yaml-front-matter\0.34.30\flexmark-ext-yaml-front-matter-0.34.30.jar;C:\Users\oztur\.m2\repository\com\vladsch\flexmark\flexmark-ext-youtube-embedded\0.34.30\flexmark-ext-youtube-embedded-0.34.30.jar;C:\Users\oztur\.m2\repository\com\vladsch\flexmark\flexmark-formatter\0.34.30\flexmark-formatter-0.34.30.jar;C:\Users\oztur\.m2\repository\com\vladsch\flexmark\flexmark-html-parser\0.34.30\flexmark-html-parser-0.34.30.jar;C:\Users\oztur\.m2\repository\com\vladsch\flexmark\flexmark-jira-converter\0.34.30\flexmark-jira-converter-0.34.30.jar;C:\Users\oztur\.m2\repository\com\vladsch\flexmark\flexmark-pdf-converter\0.34.30\flexmark-pdf-converter-0.34.30.jar;C:\Users\oztur\.m2\repository\com\openhtmltopdf\openhtmltopdf-core\0.0.1-RC13\openhtmltopdf-core-0.0.1-RC13.jar;C:\Users\oztur\.m2\repository\com\openhtmltopdf\openhtmltopdf-pdfbox\0.0.1-RC13\openhtmltopdf-pdfbox-0.0.1-RC13.jar;C:\Users\oztur\.m2\repository\org\apache\pdfbox\pdfbox\2.0.8\pdfbox-2.0.8.jar;C:\Users\oztur\.m2\repository\org\apache\pdfbox\fontbox\2.0.8\fontbox-2.0.8.jar;C:\Users\oztur\.m2\repository\org\apache\pdfbox\xmpbox\2.0.8\xmpbox-2.0.8.jar;C:\Users\oztur\.m2\repository\de\rototor\pdfbox\graphics2d\0.12\graphics2d-0.12.jar;C:\Users\oztur\.m2\repository\com\openhtmltopdf\openhtmltopdf-rtl-support\0.0.1-RC13\openhtmltopdf-rtl-support-0.0.1-RC13.jar;C:\Users\oztur\.m2\repository\com\ibm\icu\icu4j\59.1\icu4j-59.1.jar;C:\Users\oztur\.m2\repository\com\openhtmltopdf\openhtmltopdf-jsoup-dom-converter\0.0.1-RC13\openhtmltopdf-jsoup-dom-converter-0.0.1-RC13.jar;C:\Users\oztur\.m2\repository\com\vladsch\flexmark\flexmark-profile-pegdown\0.34.30\flexmark-profile-pegdown-0.34.30.jar;C:\Users\oztur\.m2\repository\com\vladsch\flexmark\flexmark-util\0.34.30\flexmark-util-0.34.30.jar;C:\Users\oztur\.m2\repository\com\vladsch\flexmark\flexmark-youtrack-converter\0.34.30\flexmark-youtrack-converter-0.34.30.jar;C:\Users\oztur\.m2\repository\es\nitaur\markdown\txtmark\0.16\txtmark-0.16.jar;C:\Users\oztur\.m2\repository\net\serenity-bdd\serenity-report-resources\2.4.4\serenity-report-resources-2.4.4.jar;C:\Users\oztur\.m2\repository\com\google\code\gson\gson\2.8.6\gson-2.8.6.jar;C:\Users\oztur\.m2\repository\commons-codec\commons-codec\1.15\commons-codec-1.15.jar;C:\Users\oztur\.m2\repository\commons-io\commons-io\2.6\commons-io-2.6.jar;C:\Users\oztur\.m2\repository\org\seleniumhq\selenium\selenium-server\3.141.59\selenium-server-3.141.59.jar;C:\Users\oztur\.m2\repository\org\seleniumhq\selenium\selenium-opera-driver\3.141.59\selenium-opera-driver-3.141.59.jar;C:\Users\oztur\.m2\repository\org\seleniumhq\selenium\selenium-remote-driver\3.141.59\selenium-remote-driver-3.141.59.jar;C:\Users\oztur\.m2\repository\org\seleniumhq\selenium\selenium-safari-driver\3.141.59\selenium-safari-driver-3.141.59.jar;C:\Users\oztur\.m2\repository\com\beust\jcommander\1.72\jcommander-1.72.jar;C:\Users\oztur\.m2\repository\org\apache\commons\commons-exec\1.3\commons-exec-1.3.jar;C:\Users\oztur\.m2\repository\net\jcip\jcip-annotations\1.0\jcip-annotations-1.0.jar;C:\Users\oztur\.m2\repository\org\seleniumhq\selenium\jetty-repacked\9.4.12.v20180830\jetty-repacked-9.4.12.v20180830.jar;C:\Users\oztur\.m2\repository\com\squareup\okhttp3\okhttp\3.11.0\okhttp-3.11.0.jar;C:\Users\oztur\.m2\repository\com\squareup\okio\okio\1.14.0\okio-1.14.0.jar;C:\Users\oztur\.m2\repository\javax\servlet\javax.servlet-api\3.1.0\javax.servlet-api-3.1.0.jar;C:\Users\oztur\.m2\repository\org\yaml\snakeyaml\1.19\snakeyaml-1.19.jar;C:\Users\oztur\.m2\repository\org\seleniumhq\selenium\selenium-java\3.141.59\selenium-java-3.141.59.jar;C:\Users\oztur\.m2\repository\org\seleniumhq\selenium\selenium-api\3.141.59\selenium-api-3.141.59.jar;C:\Users\oztur\.m2\repository\org\seleniumhq\selenium\selenium-support\3.141.59\selenium-support-3.141.59.jar;C:\Users\oztur\.m2\repository\org\seleniumhq\selenium\selenium-chrome-driver\3.141.59\selenium-chrome-driver-3.141.59.jar;C:\Users\oztur\.m2\repository\org\seleniumhq\selenium\selenium-firefox-driver\3.141.59\selenium-firefox-driver-3.141.59.jar;C:\Users\oztur\.m2\repository\org\seleniumhq\selenium\selenium-edge-driver\3.141.59\selenium-edge-driver-3.141.59.jar;C:\Users\oztur\.m2\repository\org\seleniumhq\selenium\selenium-ie-driver\3.141.59\selenium-ie-driver-3.141.59.jar;C:\Users\oztur\.m2\repository\net\sourceforge\htmlunit\htmlunit\2.47.1\htmlunit-2.47.1.jar;C:\Users\oztur\.m2\repository\xalan\xalan\2.7.2\xalan-2.7.2.jar;C:\Users\oztur\.m2\repository\xalan\serializer\2.7.2\serializer-2.7.2.jar;C:\Users\oztur\.m2\repository\org\apache\httpcomponents\httpmime\4.5.13\httpmime-4.5.13.jar;C:\Users\oztur\.m2\repository\org\apache\httpcomponents\httpclient\4.5.13\httpclient-4.5.13.jar;C:\Users\oztur\.m2\repository\org\apache\httpcomponents\httpcore\4.4.13\httpcore-4.4.13.jar;C:\Users\oztur\.m2\repository\net\sourceforge\htmlunit\htmlunit-core-js\2.47.0\htmlunit-core-js-2.47.0.jar;C:\Users\oztur\.m2\repository\net\sourceforge\htmlunit\neko-htmlunit\2.47.1\neko-htmlunit-2.47.1.jar;C:\Users\oztur\.m2\repository\xerces\xercesImpl\2.12.0\xercesImpl-2.12.0.jar;C:\Users\oztur\.m2\repository\xml-apis\xml-apis\1.4.01\xml-apis-1.4.01.jar;C:\Users\oztur\.m2\repository\net\sourceforge\htmlunit\htmlunit-cssparser\1.7.0\htmlunit-cssparser-1.7.0.jar;C:\Users\oztur\.m2\repository\commons-logging\commons-logging\1.2\commons-logging-1.2.jar;C:\Users\oztur\.m2\repository\org\brotli\dec\0.1.2\dec-0.1.2.jar;C:\Users\oztur\.m2\repository\com\shapesecurity\salvation2\3.0.0\salvation2-3.0.0.jar;C:\Users\oztur\.m2\repository\org\eclipse\jetty\websocket\websocket-client\9.4.36.v20210114\websocket-client-9.4.36.v20210114.jar;C:\Users\oztur\.m2\repository\org\eclipse\jetty\jetty-client\9.4.36.v20210114\jetty-client-9.4.36.v20210114.jar;C:\Users\oztur\.m2\repository\org\eclipse\jetty\jetty-http\9.4.36.v20210114\jetty-http-9.4.36.v20210114.jar;C:\Users\oztur\.m2\repository\org\eclipse\jetty\jetty-util\9.4.36.v20210114\jetty-util-9.4.36.v20210114.jar;C:\Users\oztur\.m2\repository\org\eclipse\jetty\jetty-io\9.4.36.v20210114\jetty-io-9.4.36.v20210114.jar;C:\Users\oztur\.m2\repository\org\eclipse\jetty\websocket\websocket-common\9.4.36.v20210114\websocket-common-9.4.36.v20210114.jar;C:\Users\oztur\.m2\repository\org\eclipse\jetty\websocket\websocket-api\9.4.36.v20210114\websocket-api-9.4.36.v20210114.jar;C:\Users\oztur\.m2\repository\org\seleniumhq\selenium\htmlunit-driver\2.47.1\htmlunit-driver-2.47.1.jar;C:\Users\oztur\.m2\repository\com\codeborne\phantomjsdriver\1.4.4\phantomjsdriver-1.4.4.jar;C:\Users\oztur\.m2\repository\io\appium\java-client\7.3.0\java-client-7.3.0.jar;C:\Users\oztur\.m2\repository\commons-validator\commons-validator\1.6\commons-validator-1.6.jar;C:\Users\oztur\.m2\repository\commons-digester\commons-digester\1.8.1\commons-digester-1.8.1.jar;C:\Users\oztur\.m2\repository\org\aspectj\aspectjweaver\1.9.4\aspectjweaver-1.9.4.jar;C:\Users\oztur\.m2\repository\org\codehaus\groovy\groovy\3.0.7\groovy-3.0.7.jar;C:\Users\oztur\.m2\repository\net\sf\opencsv\opencsv\2.0\opencsv-2.0.jar;C:\Users\oztur\.m2\repository\commons-beanutils\commons-beanutils\1.9.4\commons-beanutils-1.9.4.jar;C:\Users\oztur\.m2\repository\org\apache\commons\commons-lang3\3.11\commons-lang3-3.11.jar;C:\Users\oztur\.m2\repository\commons-collections\commons-collections\3.2.2\commons-collections-3.2.2.jar;C:\Users\oztur\.m2\repository\org\fluentlenium\fluentlenium-core\0.10.2\fluentlenium-core-0.10.2.jar;C:\Users\oztur\.m2\repository\io\github\bonigarcia\webdrivermanager\4.3.1\webdrivermanager-4.3.1.jar;C:\Users\oztur\.m2\repository\org\apache\httpcomponents\client5\httpclient5\5.0.3\httpclient5-5.0.3.jar;C:\Users\oztur\.m2\repository\org\apache\httpcomponents\core5\httpcore5\5.0.2\httpcore5-5.0.2.jar;C:\Users\oztur\.m2\repository\org\apache\httpcomponents\core5\httpcore5-h2\5.0.2\httpcore5-h2-5.0.2.jar;C:\Users\oztur\.m2\repository\org\rauschig\jarchivelib\1.1.0\jarchivelib-1.1.0.jar;C:\Users\oztur\.m2\repository\org\apache\commons\commons-compress\1.20\commons-compress-1.20.jar;C:\Users\oztur\.m2\repository\com\jhlabs\filters\2.0.235\filters-2.0.235.jar;C:\Users\oztur\.m2\repository\com\assertthat\selenium-shutterbug\0.9.3\selenium-shutterbug-0.9.3.jar;C:\Users\oztur\.m2\repository\org\projectlombok\lombok\1.18.8\lombok-1.18.8.jar;C:\Users\oztur\.m2\repository\com\github\zafarkhaja\java-semver\0.9.0\java-semver-0.9.0.jar;C:\Users\oztur\.m2\repository\com\paulhammant\ngwebdriver\1.1.5\ngwebdriver-1.1.5.jar;C:\Users\oztur\.m2\repository\joda-time\joda-time\2.8.2\joda-time-2.8.2.jar;C:\Users\oztur\.m2\repository\org\hamcrest\hamcrest\2.2\hamcrest-2.2.jar;C:\Users\oztur\.m2\repository\com\google\jimfs\jimfs\1.1\jimfs-1.1.jar;C:\Users\oztur\.m2\repository\org\mockito\mockito-core\3.3.3\mockito-core-3.3.3.jar;C:\Users\oztur\.m2\repository\org\assertj\assertj-core\3.18.0\assertj-core-3.18.0.jar;C:\Users\oztur\.m2\repository\javax\xml\bind\jaxb-api\2.3.1\jaxb-api-2.3.1.jar;C:\Users\oztur\.m2\repository\javax\activation\javax.activation-api\1.2.0\javax.activation-api-1.2.0.jar;C:\Users\oztur\.m2\repository\com\sun\xml\bind\jaxb-core\2.3.0.1\jaxb-core-2.3.0.1.jar;C:\Users\oztur\.m2\repository\com\sun\xml\bind\jaxb-impl\2.3.3\jaxb-impl-2.3.3.jar;C:\Users\oztur\.m2\repository\jakarta\xml\bind\jakarta.xml.bind-api\2.3.3\jakarta.xml.bind-api-2.3.3.jar;C:\Users\oztur\.m2\repository\com\sun\activation\jakarta.activation\1.2.2\jakarta.activation-1.2.2.jar;C:\Users\oztur\.m2\repository\javax\activation\activation\1.1.1\activation-1.1.1.jar;C:\Users\oztur\.m2\repository\net\serenity-bdd\serenity-rest-assured\2.4.4\serenity-rest-assured-2.4.4.jar;C:\Users\oztur\.m2\repository\io\rest-assured\rest-assured\4.3.3\rest-assured-4.3.3.jar;C:\Users\oztur\.m2\repository\org\ccil\cowan\tagsoup\tagsoup\1.2.1\tagsoup-1.2.1.jar;C:\Users\oztur\.m2\repository\io\rest-assured\json-path\4.3.3\json-path-4.3.3.jar;C:\Users\oztur\.m2\repository\io\rest-assured\rest-assured-common\4.3.3\rest-assured-common-4.3.3.jar;C:\Users\oztur\.m2\repository\io\rest-assured\xml-path\4.3.3\xml-path-4.3.3.jar;C:\Users\oztur\.m2\repository\org\codehaus\groovy\groovy-json\3.0.7\groovy-json-3.0.7.jar;C:\Users\oztur\.m2\repository\org\codehaus\groovy\groovy-xml\3.0.7\groovy-xml-3.0.7.jar;C:\Users\oztur\.m2\repository\org\opentest4j\opentest4j\1.2.0\opentest4j-1.2.0.jar;C:\Users\oztur\.m2\repository\org\junit\jupiter\junit-jupiter\5.7.1\junit-jupiter-5.7.1.jar;C:\Users\oztur\.m2\repository\org\junit\jupiter\junit-jupiter-api\5.7.1\junit-jupiter-api-5.7.1.jar;C:\Users\oztur\.m2\repository\org\apiguardian\apiguardian-api\1.1.0\apiguardian-api-1.1.0.jar;C:\Users\oztur\.m2\repository\org\junit\platform\junit-platform-commons\1.7.1\junit-platform-commons-1.7.1.jar;C:\Users\oztur\.m2\repository\org\junit\jupiter\junit-jupiter-params\5.7.1\junit-jupiter-params-5.7.1.jar;C:\Users\oztur\.m2\repository\org\junit\jupiter\junit-jupiter-engine\5.7.1\junit-jupiter-engine-5.7.1.jar;C:\Users\oztur\.m2\repository\org\junit\platform\junit-platform-engine\1.7.1\junit-platform-engine-1.7.1.jar;C:\Users\oztur\.m2\repository\io\github\fabianlinz\serenity-junit5\1.6.0\serenity-junit5-1.6.0.jar;"/>
    <property name="sun.cpu.endian" value="little"/>
    <property name="user.home" value="C:\Users\oztur"/>
    <property name="user.language" value="en"/>
    <property name="java.specification.vendor" value="Oracle Corporation"/>
    <property name="java.version.date" value="2021-07-20"/>
    <property name="java.home" value="C:\Program Files\Java\jdk-11.0.12"/>
    <property name="file.separator" value="\"/>
    <property name="basedir" value="C:\Users\oztur\OneDrive\Desktop\IdeaProjects\B25SerenityProject-Kerem"/>
    <property name="java.vm.compressedOopsMode" value="Zero based"/>
    <property name="line.separator" value="&#10;"/>
    <property name="java.specification.name" value="Java Platform API Specification"/>
    <property name="java.vm.specification.vendor" value="Oracle Corporation"/>
    <property name="java.awt.graphicsenv" value="sun.awt.Win32GraphicsEnvironment"/>
    <property name="surefire.real.class.path" value="C:\Users\oztur\AppData\Local\Temp\surefire13883812352094285528\surefirebooter17054253388179069161.jar"/>
    <property name="user.script" value=""/>
    <property name="sun.management.compiler" value="HotSpot 64-Bit Tiered Compilers"/>
    <property name="java.runtime.version" value="11.0.12+8-LTS-237"/>
    <property name="user.name" value="oztur"/>
    <property name="path.separator" value=";"/>
    <property name="os.version" value="10.0"/>
    <property name="java.runtime.name" value="Java(TM) SE Runtime Environment"/>
    <property name="file.encoding" value="Cp1252"/>
    <property name="java.vm.name" value="Java HotSpot(TM) 64-Bit Server VM"/>
    <property name="java.vendor.version" value="18.9"/>
    <property name="localRepository" value="C:\Users\oztur\.m2\repository"/>
    <property name="java.vendor.url.bug" value="https://bugreport.java.com/bugreport/"/>
    <property name="java.io.tmpdir" value="C:\Users\oztur\AppData\Local\Temp\"/>
    <property name="idea.version" value="2021.3"/>
    <property name="java.version" value="11.0.12"/>
    <property name="user.dir" value="C:\Users\oztur\OneDrive\Desktop\IdeaProjects\B25SerenityProject-Kerem"/>
    <property name="os.arch" value="amd64"/>
    <property name="java.vm.specification.name" value="Java Virtual Machine Specification"/>
    <property name="java.awt.printerjob" value="sun.awt.windows.WPrinterJob"/>
    <property name="sun.os.patch.level" value=""/>
    <property name="java.library.path" value="C:\Program Files\Java\jdk-11.0.12\bin;C:\WINDOWS\Sun\Java\bin;C:\WINDOWS\system32;C:\WINDOWS;C:\Program Files\Common Files\Oracle\Java\javapath;C:\Program Files (x86)\Common Files\Oracle\Java\javapath;C:\WINDOWS\system32;C:\WINDOWS;C:\WINDOWS\System32\Wbem;C:\WINDOWS\System32\WindowsPowerShell\v1.0\;C:\WINDOWS\System32\OpenSSH\;C:\Program Files\Java\jdk-11.0.12\bin;C:\Program Files\Git\cmd;C:\Program Files\dotnet\;C:\Users\oztur\AppData\Local\Microsoft\WindowsApps;C:\Users\oztur\AppData\Local\GitHubDesktop\bin;;."/>
    <property name="java.vendor" value="Oracle Corporation"/>
    <property name="java.vm.info" value="mixed mode"/>
    <property name="java.vm.version" value="11.0.12+8-LTS-237"/>
    <property name="sun.io.unicode.encoding" value="UnicodeLittle"/>
    <property name="java.class.version" value="55.0"/>
  </properties>
  <testcase name="getAllSpartan" classname="b25.spartan.admin.SpartanAdminGetTest" time="1.5">
    <system-out><![CDATA[[
    {
        "id": 1,
        "name": "Meade",
        "gender": "Male",
        "phone": 9994128232
    },
    {
        "id": 2,
        "name": "Nels",
        "gender": "Male",
        "phone": 4218971348
    },
    {
        "id": 3,
        "name": "Fidole",
        "gender": "Male",
        "phone": 6105035231
    },
    {
        "id": 4,
        "name": "Paige",
        "gender": "Female",
        "phone": 3786741487
    },
    {
        "id": 5,
        "name": "Blythe",
        "gender": "Female",
        "phone": 3677539542
    },
    {
        "id": 6,
        "name": "Tedmund",
        "gender": "Male",
        "phone": 2227140732
    },
    {
        "id": 7,
        "name": "Hershel",
        "gender": "Male",
        "phone": 5278678322
    },
    {
        "id": 8,
        "name": "Rodolfo",
        "gender": "Male",
        "phone": 9601637574
    },
    {
        "id": 9,
        "name": "Florrie",
        "gender": "Female",
        "phone": 1702025787
    },
    {
        "id": 10,
        "name": "Lorenza",
        "gender": "Female",
        "phone": 3312820936
    },
    {
        "id": 11,
        "name": "Nona",
        "gender": "Female",
        "phone": 7959094216
    },
    {
        "id": 12,
        "name": "Sol",
        "gender": "Male",
        "phone": 7006438852
    },
    {
        "id": 13,
        "name": "Jaimie",
        "gender": "Female",
        "phone": 7842554879
    },
    {
        "id": 14,
        "name": "Grenville",
        "gender": "Male",
        "phone": 1065669615
    },
    {
        "id": 15,
        "name": "Meta",
        "gender": "Female",
        "phone": 1938695106
    },
    {
        "id": 16,
        "name": "Sinclair",
        "gender": "Male",
        "phone": 9714460354
    },
    {
        "id": 17,
        "name": "Wash",
        "gender": "Male",
        "phone": 4978976378
    },
    {
        "id": 18,
        "name": "Allen",
        "gender": "Male",
        "phone": 8716150217
    },
    {
        "id": 19,
        "name": "Bunnie",
        "gender": "Female",
        "phone": 7662992732
    },
    {
        "id": 20,
        "name": "Lothario",
        "gender": "Male",
        "phone": 7551551687
    },
    {
        "id": 21,
        "name": "Mark",
        "gender": "Male",
        "phone": 1852873386
    },
    {
        "id": 22,
        "name": "Koenraad",
        "gender": "Male",
        "phone": 8451740840
    },
    {
        "id": 23,
        "name": "Mervin",
        "gender": "Male",
        "phone": 9098436816
    },
    {
        "id": 24,
        "name": "Nesrin",
        "gender": "Female",
        "phone": 1099231238
    },
    {
        "id": 25,
        "name": "Valentin",
        "gender": "Male",
        "phone": 1536037088
    },
    {
        "id": 26,
        "name": "Correy",
        "gender": "Female",
        "phone": 7823876031
    },
    {
        "id": 27,
        "name": "Jeanelle",
        "gender": "Female",
        "phone": 6662999903
    },
    {
        "id": 28,
        "name": "Woodrow",
        "gender": "Male",
        "phone": 7411659821
    },
    {
        "id": 29,
        "name": "Dorelle",
        "gender": "Female",
        "phone": 6687391932
    },
    {
        "id": 30,
        "name": "Melania",
        "gender": "Female",
        "phone": 8916944276
    },
    {
        "id": 31,
        "name": "Maressa",
        "gender": "Female",
        "phone": 2018031787
    },
    {
        "id": 32,
        "name": "Asli Manyak",
        "gender": "Female",
        "phone": 9545879168
    },
    {
        "id": 33,
        "name": "Wilek",
        "gender": "Male",
        "phone": 2877865902
    },
    {
        "id": 34,
        "name": "Tucky",
        "gender": "Male",
        "phone": 2935099804
    },
    {
        "id": 35,
        "name": "Gardiner",
        "gender": "Male",
        "phone": 3751113352
    },
    {
        "id": 36,
        "name": "Sylas",
        "gender": "Male",
        "phone": 9853891474
    },
    {
        "id": 37,
        "name": "Grannie",
        "gender": "Male",
        "phone": 1075127669
    },
    {
        "id": 38,
        "name": "Juan",
        "gender": "Male",
        "phone": 9614487605
    },
    {
        "id": 39,
        "name": "Eveleen",
        "gender": "Female",
        "phone": 1362642898
    },
    {
        "id": 40,
        "name": "Druci",
        "gender": "Female",
        "phone": 4507606768
    },
    {
        "id": 41,
        "name": "Rosy",
        "gender": "Female",
        "phone": 6721964988
    },
    {
        "id": 42,
        "name": "Atlante",
        "gender": "Female",
        "phone": 4579688654
    },
    {
        "id": 43,
        "name": "Reid",
        "gender": "Male",
        "phone": 8833893900
    },
    {
        "id": 44,
        "name": "Panchito",
        "gender": "Male",
        "phone": 7486765293
    },
    {
        "id": 45,
        "name": "Heddie",
        "gender": "Female",
        "phone": 1271425843
    },
    {
        "id": 46,
        "name": "Delora",
        "gender": "Female",
        "phone": 4115324496
    },
    {
        "id": 47,
        "name": "Domenic",
        "gender": "Male",
        "phone": 3952704485
    },
    {
        "id": 48,
        "name": "Wyatt",
        "gender": "Male",
        "phone": 7682768714
    },
    {
        "id": 49,
        "name": "Reinaldo",
        "gender": "Male",
        "phone": 3623233145
    },
    {
        "id": 50,
        "name": "Jennica",
        "gender": "Female",
        "phone": 6986436734
    },
    {
        "id": 51,
        "name": "Padriac",
        "gender": "Male",
        "phone": 8444611168
    },
    {
        "id": 52,
        "name": "Tome",
        "gender": "Male",
        "phone": 5654109704
    },
    {
        "id": 53,
        "name": "Berna",
        "gender": "Female",
        "phone": 2072918455
    },
    {
        "id": 54,
        "name": "Bevon",
        "gender": "Male",
        "phone": 9831834168
    },
    {
        "id": 55,
        "name": "Karmen",
        "gender": "Female",
        "phone": 5052029186
    },
    {
        "id": 56,
        "name": "Ewan",
        "gender": "Male",
        "phone": 5733729948
    },
    {
        "id": 57,
        "name": "Freida",
        "gender": "Female",
        "phone": 5712679899
    },
    {
        "id": 58,
        "name": "Alfy",
        "gender": "Female",
        "phone": 6529078662
    },
    {
        "id": 59,
        "name": "Mickey",
        "gender": "Male",
        "phone": 8775768925
    },
    {
        "id": 60,
        "name": "Elisabeth",
        "gender": "Female",
        "phone": 8165224005
    },
    {
        "id": 61,
        "name": "Earlie",
        "gender": "Male",
        "phone": 5709633007
    },
    {
        "id": 62,
        "name": "Robinia",
        "gender": "Female",
        "phone": 3542611707
    },
    {
        "id": 63,
        "name": "Clayton",
        "gender": "Male",
        "phone": 1782167106
    },
    {
        "id": 64,
        "name": "Putnam",
        "gender": "Male",
        "phone": 6744135688
    },
    {
        "id": 65,
        "name": "Sean",
        "gender": "Male",
        "phone": 8566508311
    },
    {
        "id": 66,
        "name": "Leyla Baci",
        "gender": "Male",
        "phone": 3159018391
    },
    {
        "id": 67,
        "name": "Janette",
        "gender": "Female",
        "phone": 9887020445
    },
    {
        "id": 68,
        "name": "Adda",
        "gender": "Female",
        "phone": 5361981152
    },
    {
        "id": 69,
        "name": "Elinor",
        "gender": "Female",
        "phone": 3161765672
    },
    {
        "id": 70,
        "name": "Abbey",
        "gender": "Male",
        "phone": 1259516767
    },
    {
        "id": 71,
        "name": "Collen",
        "gender": "Female",
        "phone": 9614634242
    },
    {
        "id": 72,
        "name": "Orion",
        "gender": "Male",
        "phone": 7485352272
    },
    {
        "id": 110,
        "name": "Ayse",
        "gender": "Female",
        "phone": 1231231238
    },
    {
        "id": 74,
        "name": "Chen",
        "gender": "Male",
        "phone": 9537864587
    },
    {
        "id": 75,
        "name": "Leland",
        "gender": "Female",
        "phone": 9672110769
    },
    {
        "id": 76,
        "name": "Arnie",
        "gender": "Male",
        "phone": 4541117370
    },
    {
        "id": 77,
        "name": "Stevana",
        "gender": "Female",
        "phone": 1459126818
    },
    {
        "id": 108,
        "name": "Ayse",
        "gender": "Female",
        "phone": 1231231238
    },
    {
        "id": 79,
        "name": "Philis",
        "gender": "Female",
        "phone": 2277085963
    },
    {
        "id": 80,
        "name": "Jocelin",
        "gender": "Female",
        "phone": 4299058649
    },
    {
        "id": 81,
        "name": "Georgianne",
        "gender": "Female",
        "phone": 9594130239
    },
    {
        "id": 82,
        "name": "Catie",
        "gender": "Female",
        "phone": 4758237746
    },
    {
        "id": 83,
        "name": "Franky",
        "gender": "Male",
        "phone": 7647130621
    },
    {
        "id": 84,
        "name": "Saw",
        "gender": "Male",
        "phone": 2673833440
    },
    {
        "id": 85,
        "name": "Nesrin",
        "gender": "Female",
        "phone": 1099231238
    },
    {
        "id": 86,
        "name": "Brook",
        "gender": "Female",
        "phone": 2655095364
    },
    {
        "id": 87,
        "name": "Fenelia",
        "gender": "Female",
        "phone": 6475942543
    },
    {
        "id": 88,
        "name": "Julie",
        "gender": "Male",
        "phone": 1279288759
    },
    {
        "id": 89,
        "name": "Adan",
        "gender": "Male",
        "phone": 8055782975
    },
    {
        "id": 90,
        "name": "Rhianon",
        "gender": "Female",
        "phone": 5225172555
    },
    {
        "id": 91,
        "name": "Jaquenetta",
        "gender": "Female",
        "phone": 7338210388
    },
    {
        "id": 92,
        "name": "Caitlin",
        "gender": "Female",
        "phone": 6911121800
    },
    {
        "id": 93,
        "name": "Chanda",
        "gender": "Female",
        "phone": 9289012086
    },
    {
        "id": 94,
        "name": "Marylee",
        "gender": "Female",
        "phone": 6385380284
    },
    {
        "id": 95,
        "name": "Lilias",
        "gender": "Female",
        "phone": 5986446659
    },
    {
        "id": 96,
        "name": "Abie",
        "gender": "Male",
        "phone": 1788387111
    },
    {
        "id": 97,
        "name": "Saleem",
        "gender": "Male",
        "phone": 6586151920
    },
    {
        "id": 98,
        "name": "Elita",
        "gender": "Female",
        "phone": 1042902741
    },
    {
        "id": 99,
        "name": "Adair",
        "gender": "Male",
        "phone": 3154964396
    },
    {
        "id": 100,
        "name": "Terence",
        "gender": "Male",
        "phone": 1311814806
    },
    {
        "id": 101,
        "name": "Ayse",
        "gender": "Female",
        "phone": 1231231238
    },
    {
        "id": 102,
        "name": "Ayse",
        "gender": "Female",
        "phone": 1231231238
    },
    {
        "id": 103,
        "name": "Ayse",
        "gender": "Female",
        "phone": 1231231238
    },
    {
        "id": 104,
        "name": "Ayse",
        "gender": "Female",
        "phone": 1231231238
    },
    {
        "id": 105,
        "name": "Ayse",
        "gender": "Female",
        "phone": 1231231238
    },
    {
        "id": 106,
        "name": "Ayse",
        "gender": "Female",
        "phone": 1231231238
    },
    {
        "id": 107,
        "name": "Ayse",
        "gender": "Female",
        "phone": 1231231238
    },
    {
        "id": 109,
        "name": "Ayse",
        "gender": "Female",
        "phone": 1231231238
    },
    {
        "id": 111,
        "name": "Ayse",
        "gender": "Female",
        "phone": 1231231238
    },
    {
        "id": 112,
        "name": "Ayse",
        "gender": "Female",
        "phone": 1231231238
    },
    {
        "id": 113,
        "name": "Ayse",
        "gender": "Female",
        "phone": 1231231238
    },
    {
        "id": 114,
        "name": "Ayse",
        "gender": "Female",
        "phone": 1231231238
    },
    {
        "id": 115,
        "name": "Ayse",
        "gender": "Female",
        "phone": 1231231238
    },
    {
        "id": 116,
        "name": "Ayse",
        "gender": "Female",
        "phone": 1231231238
    },
    {
        "id": 121,
        "name": "Nesrin",
        "gender": "Female",
        "phone": 1099231238
    },
    {
        "id": 122,
        "name": "Nesrin",
        "gender": "Female",
        "phone": 1099231238
    },
    {
        "id": 123,
        "name": "Nesrin",
        "gender": "Female",
        "phone": 1099231238
    },
    {
        "id": 124,
        "name": "Nesrin",
        "gender": "Female",
        "phone": 1099231238
    },
    {
        "id": 125,
        "name": "Ayse",
        "gender": "Female",
        "phone": 1231231238
    },
    {
        "id": 126,
        "name": "Ayse",
        "gender": "Female",
        "phone": 1231231238
    },
    {
        "id": 127,
        "name": "Ayse",
        "gender": "Female",
        "phone": 1231231238
    },
    {
        "id": 128,
        "name": "Ayse",
        "gender": "Female",
        "phone": 1231231238
    },
    {
        "id": 129,
        "name": "Ayse",
        "gender": "Female",
        "phone": 1231231238
    },
    {
        "id": 130,
        "name": "Ayse",
        "gender": "Female",
        "phone": 1231231238
    },
    {
        "id": 131,
        "name": "Ayse",
        "gender": "Female",
        "phone": 1231231238
    },
    {
        "id": 132,
        "name": "Ayse",
        "gender": "Female",
        "phone": 1231231238
    }
]
]]></system-out>
    <system-err><![CDATA[SLF4J: Failed to load class "org.slf4j.impl.StaticLoggerBinder".
SLF4J: Defaulting to no-operation (NOP) logger implementation
SLF4J: See http://www.slf4j.org/codes.html#StaticLoggerBinder for further details.
]]></system-err>
  </testcase>
</testsuite>